[debug] [2022-04-20T21:26:17.609Z] ----------------------------------------------------------------------
[debug] [2022-04-20T21:26:17.612Z] Command:       C:\Program Files\nodejs\node.exe C:\Users\gerar\AppData\Roaming\npm\node_modules\firebase-tools\lib\bin\firebase.js init
[debug] [2022-04-20T21:26:17.612Z] CLI Version:   10.7.0
[debug] [2022-04-20T21:26:17.612Z] Platform:      win32
[debug] [2022-04-20T21:26:17.613Z] Node Version:  v14.18.0
[debug] [2022-04-20T21:26:17.614Z] Time:          Wed Apr 20 2022 16:26:17 GMT-0500 (hora estándar oriental)
[debug] [2022-04-20T21:26:17.614Z] ----------------------------------------------------------------------
[debug] 
[debug] [2022-04-20T21:26:17.627Z] > command requires scopes: ["email","openid","https://www.googleapis.com/auth/cloudplatformprojects.readonly","https://www.googleapis.com/auth/firebase","https://www.googleapis.com/auth/cloud-platform"]
[debug] [2022-04-20T21:26:17.627Z] > authorizing via signed-in user (gerardoluisbv@gmail.com)
[info] 
     ######## #### ########  ######## ########     ###     ######  ########
     ##        ##  ##     ## ##       ##     ##  ##   ##  ##       ##
     ######    ##  ########  ######   ########  #########  ######  ######
     ##        ##  ##    ##  ##       ##     ## ##     ##       ## ##
     ##       #### ##     ## ######## ########  ##     ##  ######  ########

You're about to initialize a Firebase project in this directory:

  C:\Users\gerar\OneDrive\Escritorio\React\journal-app

[info] 
=== Project Setup
[info] 
[info] First, let's associate this project directory with a Firebase project.
[info] You can create multiple project aliases by running firebase use --add, 
[info] but for now we'll just set up a default project.
[info] 
[debug] [2022-04-20T21:26:26.836Z] > refreshing access token with scopes: []
[debug] [2022-04-20T21:26:26.837Z] >>> HTTP REQUEST POST https://www.googleapis.com/oauth2/v3/token  
 <request body omitted>
[debug] [2022-04-20T21:26:27.248Z] <<< HTTP RESPONSE 200 {"cache-control":"no-cache, no-store, max-age=0, must-revalidate","expires":"Mon, 01 Jan 1990 00:00:00 GMT","pragma":"no-cache","date":"Wed, 20 Apr 2022 21:26:28 GMT","content-type":"application/json; charset=utf-8","vary":"X-Origin, Referer, Origin,Accept-Encoding","server":"scaffolding on HTTPServer2","x-xss-protection":"0","x-frame-options":"SAMEORIGIN","x-content-type-options":"nosniff","alt-svc":"h3=\":443\"; ma=2592000,h3-29=\":443\"; ma=2592000,h3-Q050=\":443\"; ma=2592000,h3-Q046=\":443\"; ma=2592000,h3-Q043=\":443\"; ma=2592000,quic=\":443\"; ma=2592000; v=\"46,43\"","accept-ranges":"none","transfer-encoding":"chunked"}
[debug] [2022-04-20T21:26:27.283Z] >>> [apiv2][query] GET https://firebase.googleapis.com/v1beta1/projects pageSize=100
[debug] [2022-04-20T21:26:27.838Z] <<< [apiv2][status] GET https://firebase.googleapis.com/v1beta1/projects 200
[debug] [2022-04-20T21:26:27.839Z] <<< [apiv2][body] GET https://firebase.googleapis.com/v1beta1/projects [omitted]
[info] i  Using project react-journal-app-a20bb (react-journal-app) 
[info] 
=== Hosting Setup
[info] 
[info] Your public directory is the folder (relative to your project directory) that
[info] will contain Hosting assets to be uploaded with firebase deploy. If you
[info] have a build process for your assets, use your build's output directory.
[info] 
[info] +  Wrote build/404.html 
[debug] [2022-04-20T21:27:41.624Z] >>> [apiv2][query] GET https://www.gstatic.com/firebasejs/releases.json [none]
[debug] [2022-04-20T21:27:41.869Z] <<< [apiv2][status] GET https://www.gstatic.com/firebasejs/releases.json 200
[debug] [2022-04-20T21:27:41.870Z] <<< [apiv2][body] GET https://www.gstatic.com/firebasejs/releases.json {"current":{"version":"9.6.11","browserURL":"https://www.gstatic.com/firebasejs/9.6.11/firebase.js","packageURL":"https://www.gstatic.com/firebasejs/9.6.11/firebase.tgz"},"live":{"version":"9.6","browserURL":"https://www.gstatic.com/firebasejs/live/9.6/firebase.js","packageURL":"https://www.gstatic.com/firebasejs/live/9.6/firebase.tgz"},"components":{"analytics":"https://www.gstatic.com/firebasejs/9.6.11/firebase-analytics.js","app":"https://www.gstatic.com/firebasejs/9.6.11/firebase-app.js","app-check":"https://www.gstatic.com/firebasejs/9.6.11/firebase-app-check.js","auth":"https://www.gstatic.com/firebasejs/9.6.11/firebase-auth.js","auth/cordova":"https://www.gstatic.com/firebasejs/9.6.11/firebase-auth/cordova.js","auth/react-native":"https://www.gstatic.com/firebasejs/9.6.11/firebase-auth/react-native.js","functions":"https://www.gstatic.com/firebasejs/9.6.11/firebase-functions.js","firestore":"https://www.gstatic.com/firebasejs/9.6.11/firebase-firestore.js","firestore/lite":"https://www.gstatic.com/firebasejs/9.6.11/firebase-firestore/lite.js","storage":"https://www.gstatic.com/firebasejs/9.6.11/firebase-storage.js","performance":"https://www.gstatic.com/firebasejs/9.6.11/firebase-performance.js","remote-config":"https://www.gstatic.com/firebasejs/9.6.11/firebase-remote-config.js","messaging":"https://www.gstatic.com/firebasejs/9.6.11/firebase-messaging.js","messaging/sw":"https://www.gstatic.com/firebasejs/9.6.11/firebase-messaging/sw.js","database":"https://www.gstatic.com/firebasejs/9.6.11/firebase-database.js","firestore.memory":"https://www.gstatic.com/firebasejs/9.6.11/firebase-firestore.memory.js"}}
[info] +  Wrote build/index.html 
[info] 
[info] i  Detected a .git folder at C:\Users\gerar\OneDrive\Escritorio\React\journal-app 
[info] i  Authorizing with GitHub to upload your service account to a GitHub repository's secrets store. 
[info] 
[info] Visit this URL on this device to log in:
[info] https://github.com/login/oauth/authorize?client_id=89cf50f02ac6aaed3484&state=654490876&redirect_uri=http%3A%2F%2Flocalhost%3A9005&scope=read%3Auser%20repo%20public_repo
[info] 
[info] Waiting for authentication...
[debug] [2022-04-20T21:27:42.781Z] >>> HTTP REQUEST POST https://github.com/login/oauth/access_token  
 {"client_id":"89cf50f02ac6aaed3484","client_secret":"3330d14abc895d9a74d5f17cd7a00711fa2c5bf0","code":"fd9cf5a49358635ff61a","redirect_uri":"http://localhost:9005","state":"654490876"}
[debug] [2022-04-20T21:27:43.255Z] <<< HTTP RESPONSE 200 {"server":"GitHub.com","date":"Wed, 20 Apr 2022 21:27:44 GMT","content-type":"application/json; charset=utf-8","transfer-encoding":"chunked","vary":"X-PJAX, X-PJAX-Container, Accept-Encoding, Accept, X-Requested-With","permissions-policy":"interest-cohort=()","etag":"W/\"28d055265d958552592c835265785e50\"","cache-control":"max-age=0, private, must-revalidate","strict-transport-security":"max-age=31536000; includeSubdomains; preload","x-frame-options":"deny","x-content-type-options":"nosniff","x-xss-protection":"0","referrer-policy":"origin-when-cross-origin, strict-origin-when-cross-origin","expect-ct":"max-age=2592000, report-uri=\"https://api.github.com/_private/browser/errors\"","content-security-policy":"default-src 'none'; base-uri 'self'; block-all-mixed-content; child-src github.com/assets-cdn/worker/ gist.github.com/assets-cdn/worker/; connect-src 'self' uploads.github.com objects-origin.githubusercontent.com www.githubstatus.com collector.github.com raw.githubusercontent.com api.github.com github-cloud.s3.amazonaws.com github-production-repository-file-5c1aeb.s3.amazonaws.com github-production-upload-manifest-file-7fdce7.s3.amazonaws.com github-production-user-asset-6210df.s3.amazonaws.com cdn.optimizely.com logx.optimizely.com/v1/events translator.github.com *.actions.githubusercontent.com wss://*.actions.githubusercontent.com online.visualstudio.com/api/v1/locations github-production-repository-image-32fea6.s3.amazonaws.com github-production-release-asset-2e65be.s3.amazonaws.com insights.github.com wss://alive.github.com; font-src github.githubassets.com; form-action 'self' github.com gist.github.com objects-origin.githubusercontent.com; frame-ancestors 'none'; frame-src render.githubusercontent.com viewscreen.githubusercontent.com notebooks.githubusercontent.com; img-src 'self' data: github.githubassets.com identicons.github.com github-cloud.s3.amazonaws.com secured-user-images.githubusercontent.com/ *.githubusercontent.com; manifest-src 'self'; media-src github.com user-images.githubusercontent.com/; script-src github.githubassets.com; style-src 'unsafe-inline' github.githubassets.com; worker-src github.com/assets-cdn/worker/ gist.github.com/assets-cdn/worker/","x-github-request-id":"4BB1:2700:13E0F0:2AFDED:62607ACF"}
[debug] [2022-04-20T21:27:43.264Z] >>> [apiv2][query] GET https://api.github.com/user [none]
[debug] [2022-04-20T21:27:43.685Z] <<< [apiv2][status] GET https://api.github.com/user 200
[debug] [2022-04-20T21:27:43.685Z] <<< [apiv2][body] GET https://api.github.com/user {"login":"gerardoluisbv","id":23528367,"node_id":"MDQ6VXNlcjIzNTI4MzY3","avatar_url":"https://avatars.githubusercontent.com/u/23528367?v=4","gravatar_id":"","url":"https://api.github.com/users/gerardoluisbv","html_url":"https://github.com/gerardoluisbv","followers_url":"https://api.github.com/users/gerardoluisbv/followers","following_url":"https://api.github.com/users/gerardoluisbv/following{/other_user}","gists_url":"https://api.github.com/users/gerardoluisbv/gists{/gist_id}","starred_url":"https://api.github.com/users/gerardoluisbv/starred{/owner}{/repo}","subscriptions_url":"https://api.github.com/users/gerardoluisbv/subscriptions","organizations_url":"https://api.github.com/users/gerardoluisbv/orgs","repos_url":"https://api.github.com/users/gerardoluisbv/repos","events_url":"https://api.github.com/users/gerardoluisbv/events{/privacy}","received_events_url":"https://api.github.com/users/gerardoluisbv/received_events","type":"User","site_admin":false,"name":"Gerardo Bastardo","company":null,"blog":"https://gerardoluisbv.com/","location":"Panama","email":"gerardoluisbv@gmail.com","hireable":null,"bio":"Frontend Developer  HTML | CSS | JavaScript | React | Node | Firebase","twitter_username":"gerardoluisbv","public_repos":15,"public_gists":3,"followers":2,"following":3,"created_at":"2016-11-17T16:21:57Z","updated_at":"2022-04-20T04:18:45Z","private_gists":0,"total_private_repos":0,"owned_private_repos":0,"disk_usage":30627,"collaborators":0,"two_factor_authentication":false,"plan":{"name":"free","space":976562499,"collaborators":0,"private_repos":10000}}
[info] 
[info] +  Success! Logged into GitHub as gerardoluisbv 
[info] 
[debug] [2022-04-20T21:42:23.535Z] >>> [apiv2][query] GET https://api.github.com/repos/n/actions/secrets/public-key type=owner
[debug] [2022-04-20T21:42:23.854Z] <<< [apiv2][status] GET https://api.github.com/repos/n/actions/secrets/public-key 404
[debug] [2022-04-20T21:42:23.854Z] <<< [apiv2][body] GET https://api.github.com/repos/n/actions/secrets/public-key {"message":"Not Found","documentation_url":"https://docs.github.com/rest"}
[debug] [2022-04-20T21:46:04.968Z] >>> [apiv2][query] GET https://api.github.com/repos//actions/secrets/public-key type=owner
[debug] [2022-04-20T21:46:05.339Z] <<< [apiv2][status] GET https://api.github.com/repos//actions/secrets/public-key 404
[debug] [2022-04-20T21:46:05.340Z] <<< [apiv2][body] GET https://api.github.com/repos//actions/secrets/public-key {"message":"Not Found","documentation_url":"https://docs.github.com/rest"}
[debug] [2022-04-20T21:46:06.795Z] >>> [apiv2][query] GET https://api.github.com/repos/user/actions/secrets/public-key type=owner
[debug] [2022-04-20T21:46:07.118Z] <<< [apiv2][status] GET https://api.github.com/repos/user/actions/secrets/public-key 404
[debug] [2022-04-20T21:46:07.118Z] <<< [apiv2][body] GET https://api.github.com/repos/user/actions/secrets/public-key {"message":"Not Found","documentation_url":"https://docs.github.com/rest"}
[debug] [2022-04-20T21:46:39.065Z] >>> [apiv2][query] GET https://api.github.com/repos/https://github.com/gerardoluisbv/journal-app/actions/secrets/public-key type=owner
[debug] [2022-04-20T21:46:39.372Z] <<< [apiv2][status] GET https://api.github.com/repos/https://github.com/gerardoluisbv/journal-app/actions/secrets/public-key 404
[debug] [2022-04-20T21:46:39.373Z] <<< [apiv2][body] GET https://api.github.com/repos/https://github.com/gerardoluisbv/journal-app/actions/secrets/public-key {"message":"Not Found","documentation_url":"https://docs.github.com/rest"}
[debug] [2022-04-20T21:46:39.992Z] >>> [apiv2][query] GET https://api.github.com/repos/https://github.com/gerardoluisbv/journal-app/actions/secrets/public-key type=owner
[debug] [2022-04-20T21:46:40.314Z] <<< [apiv2][status] GET https://api.github.com/repos/https://github.com/gerardoluisbv/journal-app/actions/secrets/public-key 404
[debug] [2022-04-20T21:46:40.315Z] <<< [apiv2][body] GET https://api.github.com/repos/https://github.com/gerardoluisbv/journal-app/actions/secrets/public-key {"message":"Not Found","documentation_url":"https://docs.github.com/rest"}
[debug] [2022-04-20T21:46:40.931Z] >>> [apiv2][query] GET https://api.github.com/repos/https://github.com/gerardoluisbv/journal-app/actions/secrets/public-key type=owner
[debug] [2022-04-20T21:46:41.233Z] <<< [apiv2][status] GET https://api.github.com/repos/https://github.com/gerardoluisbv/journal-app/actions/secrets/public-key 404
[debug] [2022-04-20T21:46:41.234Z] <<< [apiv2][body] GET https://api.github.com/repos/https://github.com/gerardoluisbv/journal-app/actions/secrets/public-key {"message":"Not Found","documentation_url":"https://docs.github.com/rest"}
[debug] [2022-04-20T21:46:48.707Z] >>> [apiv2][query] GET https://api.github.com/repos/no/actions/secrets/public-key type=owner
[debug] [2022-04-20T21:46:49.040Z] <<< [apiv2][status] GET https://api.github.com/repos/no/actions/secrets/public-key 404
[debug] [2022-04-20T21:46:49.041Z] <<< [apiv2][body] GET https://api.github.com/repos/no/actions/secrets/public-key {"message":"Not Found","documentation_url":"https://docs.github.com/rest"}
[debug] [2022-04-20T21:46:50.552Z] >>> [apiv2][query] GET https://api.github.com/repos/n/actions/secrets/public-key type=owner
[debug] [2022-04-20T21:46:50.883Z] <<< [apiv2][status] GET https://api.github.com/repos/n/actions/secrets/public-key 404
[debug] [2022-04-20T21:46:50.883Z] <<< [apiv2][body] GET https://api.github.com/repos/n/actions/secrets/public-key {"message":"Not Found","documentation_url":"https://docs.github.com/rest"}
[debug] [2022-04-20T21:47:55.621Z] >>> [apiv2][query] GET https://api.github.com/repos/?/actions/secrets/public-key type=owner
[debug] [2022-04-20T21:47:55.962Z] <<< [apiv2][status] GET https://api.github.com/repos/?/actions/secrets/public-key 404
[debug] [2022-04-20T21:47:55.964Z] <<< [apiv2][body] GET https://api.github.com/repos/?/actions/secrets/public-key {"message":"Not Found","documentation_url":"https://docs.github.com/rest"}
[debug] [2022-04-20T21:47:57.797Z] >>> [apiv2][query] GET https://api.github.com/repos/?+/actions/secrets/public-key type=owner
[debug] [2022-04-20T21:47:58.113Z] <<< [apiv2][status] GET https://api.github.com/repos/?+/actions/secrets/public-key 404
[debug] [2022-04-20T21:47:58.113Z] <<< [apiv2][body] GET https://api.github.com/repos/?+/actions/secrets/public-key {"message":"Not Found","documentation_url":"https://docs.github.com/rest"}
